\BOOKMARK [0][]{section*.1}{\376\377\144\130\211\201}{}% 1
\BOOKMARK [0][]{section*.3}{\376\377\000A\000b\000s\000t\000r\000a\000c\000t}{}% 2
\BOOKMARK [0][]{section*.5}{\376\377\166\356\137\125}{}% 3
\BOOKMARK [0][]{chapter.1}{\376\377\173\054\0001\172\340\000\040\137\025\212\000}{}% 4
\BOOKMARK [0][]{chapter.2}{\376\377\173\054\0002\172\340\000\040\127\372\116\216\162\266\140\001\123\213\177\051\166\204\122\250\140\001\211\304\122\022}{}% 5
\BOOKMARK [1][-]{section.2.1}{\376\377\0002\000.\0001\000\040\162\266\140\001\123\213\177\051}{chapter.2}% 6
\BOOKMARK [1][-]{section.2.2}{\376\377\0002\000.\0002\000\040\117\115\217\320\173\227}{chapter.2}% 7
\BOOKMARK [1][-]{section.2.3}{\376\377\0002\000.\0003\000\040\220\002\165\050\225\356\230\230\174\173\127\213}{chapter.2}% 8
\BOOKMARK [1][-]{section.2.4}{\376\377\0002\000.\0004\000\040\136\224\165\050\133\236\117\213\116\000}{chapter.2}% 9
\BOOKMARK [2][-]{subsection.2.4.1}{\376\377\0002\000.\0004\000.\0001\000\040\230\230\166\356\147\145\156\220}{section.2.4}% 10
\BOOKMARK [2][-]{subsection.2.4.2}{\376\377\0002\000.\0004\000.\0002\000\040\230\230\166\356\143\317\217\360}{section.2.4}% 11
\BOOKMARK [2][-]{subsection.2.4.3}{\376\377\0002\000.\0004\000.\0003\000\040\211\343\230\230\140\035\215\357}{section.2.4}% 12
\BOOKMARK [2][-]{subsection.2.4.4}{\376\377\0002\000.\0004\000.\0004\000\040\116\343\170\001\133\236\163\260}{section.2.4}% 13
\BOOKMARK [1][-]{section.2.5}{\376\377\0002\000.\0005\000\040\136\224\165\050\133\236\117\213\116\214}{chapter.2}% 14
\BOOKMARK [2][-]{subsection.2.5.1}{\376\377\0002\000.\0005\000.\0001\000\040\230\230\166\356\147\145\156\220}{section.2.5}% 15
\BOOKMARK [2][-]{subsection.2.5.2}{\376\377\0002\000.\0005\000.\0002\000\040\230\230\166\356\143\317\217\360}{section.2.5}% 16
\BOOKMARK [2][-]{subsection.2.5.3}{\376\377\0002\000.\0005\000.\0003\000\040\211\343\230\230\140\035\215\357}{section.2.5}% 17
\BOOKMARK [2][-]{subsection.2.5.4}{\376\377\0002\000.\0005\000.\0004\000\040\116\343\170\001\133\236\163\260}{section.2.5}% 18
\BOOKMARK [0][]{chapter.3}{\376\377\173\054\0003\172\340\000\040\143\011\145\160\117\115\230\172\136\217\217\333\210\114\166\204\122\250\140\001\211\304\122\022}{}% 19
\BOOKMARK [1][-]{section.3.1}{\376\377\0003\000.\0001\000\040\220\002\165\050\225\356\230\230\174\173\127\213}{chapter.3}% 20
\BOOKMARK [1][-]{section.3.2}{\376\377\0003\000.\0002\000\040\173\227\154\325\173\200\217\360}{chapter.3}% 21
\BOOKMARK [1][-]{section.3.3}{\376\377\0003\000.\0003\000\040\136\224\165\050\133\236\117\213}{chapter.3}% 22
\BOOKMARK [2][-]{subsection.3.3.1}{\376\377\0003\000.\0003\000.\0001\000\040\230\230\166\356\147\145\156\220}{section.3.3}% 23
\BOOKMARK [2][-]{subsection.3.3.2}{\376\377\0003\000.\0003\000.\0002\000\040\230\230\166\356\143\317\217\360}{section.3.3}% 24
\BOOKMARK [2][-]{subsection.3.3.3}{\376\377\0003\000.\0003\000.\0003\000\040\211\343\230\230\140\035\215\357}{section.3.3}% 25
\BOOKMARK [2][-]{subsection.3.3.4}{\376\377\0003\000.\0003\000.\0004\000\040\116\343\170\001\133\236\163\260}{section.3.3}% 26
\BOOKMARK [0][]{chapter.4}{\376\377\173\054\0004\172\340\000\040\123\125\214\003\226\037\122\027\117\030\123\026\122\250\140\001\211\304\122\022}{}% 27
\BOOKMARK [1][-]{section.4.1}{\376\377\0004\000.\0001\000\040\123\125\214\003\226\037\122\027}{chapter.4}% 28
\BOOKMARK [1][-]{section.4.2}{\376\377\0004\000.\0002\000\040\220\002\165\050\225\356\230\230\174\173\127\213}{chapter.4}% 29
\BOOKMARK [1][-]{section.4.3}{\376\377\0004\000.\0003\000\040\136\224\165\050\133\236\117\213\116\000}{chapter.4}% 30
\BOOKMARK [2][-]{subsection.4.3.1}{\376\377\0004\000.\0003\000.\0001\000\040\230\230\166\356\147\145\156\220}{section.4.3}% 31
\BOOKMARK [2][-]{subsection.4.3.2}{\376\377\0004\000.\0003\000.\0002\000\040\230\230\166\356\143\317\217\360}{section.4.3}% 32
\BOOKMARK [2][-]{subsection.4.3.3}{\376\377\0004\000.\0003\000.\0003\000\040\211\343\230\230\140\035\215\357}{section.4.3}% 33
\BOOKMARK [2][-]{subsection.4.3.4}{\376\377\0004\000.\0003\000.\0004\000\040\116\343\170\001\133\236\163\260}{section.4.3}% 34
\BOOKMARK [1][-]{section.4.4}{\376\377\0004\000.\0004\000\040\136\224\165\050\133\236\117\213\116\214}{chapter.4}% 35
\BOOKMARK [2][-]{subsection.4.4.1}{\376\377\0004\000.\0004\000.\0001\000\040\230\230\166\356\147\145\156\220}{section.4.4}% 36
\BOOKMARK [2][-]{subsection.4.4.2}{\376\377\0004\000.\0004\000.\0002\000\040\230\230\166\356\143\317\217\360}{section.4.4}% 37
\BOOKMARK [2][-]{subsection.4.4.3}{\376\377\0004\000.\0004\000.\0003\000\040\211\343\230\230\140\035\215\357}{section.4.4}% 38
\BOOKMARK [2][-]{subsection.4.4.4}{\376\377\0004\000.\0004\000.\0004\000\040\116\343\170\001\133\236\163\260}{section.4.4}% 39
\BOOKMARK [0][]{chapter.5}{\376\377\173\054\0005\172\340\000\040\145\234\163\207\117\030\123\026\122\250\140\001\211\304\122\022}{}% 40
\BOOKMARK [1][-]{section.5.1}{\376\377\0005\000.\0001\000\040\145\234\163\207\117\030\123\026}{chapter.5}% 41
\BOOKMARK [1][-]{section.5.2}{\376\377\0005\000.\0002\000\040\220\002\165\050\225\356\230\230\174\173\127\213}{chapter.5}% 42
\BOOKMARK [1][-]{section.5.3}{\376\377\0005\000.\0003\000\040\136\224\165\050\133\236\117\213}{chapter.5}% 43
\BOOKMARK [2][-]{subsection.5.3.1}{\376\377\0005\000.\0003\000.\0001\000\040\230\230\166\356\147\145\156\220}{section.5.3}% 44
\BOOKMARK [2][-]{subsection.5.3.2}{\376\377\0005\000.\0003\000.\0002\000\040\230\230\166\356\143\317\217\360}{section.5.3}% 45
\BOOKMARK [2][-]{subsection.5.3.3}{\376\377\0005\000.\0003\000.\0003\000\040\211\343\230\230\140\035\215\357}{section.5.3}% 46
\BOOKMARK [2][-]{subsection.5.3.4}{\376\377\0005\000.\0003\000.\0004\000\040\116\343\170\001\133\236\163\260}{section.5.3}% 47
\BOOKMARK [0][]{chapter.6}{\376\377\173\054\0006\172\340\000\040\126\333\217\271\137\142\116\015\173\111\137\017\117\030\123\026\122\250\140\001\211\304\122\022}{}% 48
\BOOKMARK [1][-]{section.6.1}{\376\377\0006\000.\0001\000\040\126\333\217\271\137\142\116\015\173\111\137\017}{chapter.6}% 49
\BOOKMARK [1][-]{section.6.2}{\376\377\0006\000.\0002\000\040\126\333\217\271\137\142\116\015\173\111\137\017\133\371\116\000\176\364\000\040\000D\000P\000\040\166\204\117\030\123\026}{chapter.6}% 50
\BOOKMARK [1][-]{section.6.3}{\376\377\0006\000.\0003\000\040\126\333\217\271\137\142\116\015\173\111\137\017\133\371\116\214\176\364\000\040\000D\000P\000\040\166\204\117\030\123\026}{chapter.6}% 51
\BOOKMARK [2][-]{subsection.6.3.1}{\376\377\0006\000.\0003\000.\0001\000\040\133\371\156\341\215\263\126\333\217\271\137\142\116\015\173\111\137\017\166\204\213\301\146\016}{section.6.3}% 52
\BOOKMARK [2][-]{subsection.6.3.2}{\376\377\0006\000.\0003\000.\0002\000\040\133\371\116\214\176\364\121\263\173\126\123\125\214\003\140\047\166\204\213\301\146\016}{section.6.3}% 53
\BOOKMARK [2][-]{subsection.6.3.3}{\376\377\0006\000.\0003\000.\0003\000\040\133\371\145\366\225\364\131\015\147\102\136\246\166\204\213\301\146\016}{section.6.3}% 54
\BOOKMARK [1][-]{section.6.4}{\376\377\0006\000.\0004\000\040\136\224\165\050\133\236\117\213\116\000}{chapter.6}% 55
\BOOKMARK [2][-]{subsection.6.4.1}{\376\377\0006\000.\0004\000.\0001\000\040\230\230\166\356\143\317\217\360}{section.6.4}% 56
\BOOKMARK [2][-]{subsection.6.4.2}{\376\377\0006\000.\0004\000.\0002\000\040\211\343\230\230\140\035\215\357}{section.6.4}% 57
\BOOKMARK [2][-]{subsection.6.4.3}{\376\377\0006\000.\0004\000.\0003\000\040\116\343\170\001\133\236\163\260}{section.6.4}% 58
\BOOKMARK [1][-]{section.6.5}{\376\377\0006\000.\0005\000\040\136\224\165\050\133\236\117\213\116\214}{chapter.6}% 59
\BOOKMARK [2][-]{subsection.6.5.1}{\376\377\0006\000.\0005\000.\0001\000\040\230\230\166\356\147\145\156\220}{section.6.5}% 60
\BOOKMARK [2][-]{subsection.6.5.2}{\376\377\0006\000.\0005\000.\0002\000\040\230\230\166\356\143\317\217\360}{section.6.5}% 61
\BOOKMARK [2][-]{subsection.6.5.3}{\376\377\0006\000.\0005\000.\0003\000\040\211\343\230\230\140\035\215\357}{section.6.5}% 62
\BOOKMARK [2][-]{subsection.6.5.4}{\376\377\0006\000.\0005\000.\0004\000\040\116\343\170\001\133\236\163\260}{section.6.5}% 63
\BOOKMARK [0][]{chapter.7}{\376\377\173\054\0007\172\340\000\040\000C\000D\000Q\000\040\122\006\154\273\117\030\123\026\000\040\000D\000P}{}% 64
\BOOKMARK [1][-]{section.7.1}{\376\377\0007\000.\0001\000\040\000C\000D\000Q\000\040\122\006\154\273}{chapter.7}% 65
\BOOKMARK [1][-]{section.7.2}{\376\377\0007\000.\0002\000\040\136\224\165\050\133\236\117\213\116\000}{chapter.7}% 66
\BOOKMARK [2][-]{subsection.7.2.1}{\376\377\0007\000.\0002\000.\0001\000\040\230\230\166\356\143\317\217\360}{section.7.2}% 67
\BOOKMARK [2][-]{subsection.7.2.2}{\376\377\0007\000.\0002\000.\0002\000\040\211\343\230\230\140\035\215\357}{section.7.2}% 68
\BOOKMARK [2][-]{subsection.7.2.3}{\376\377\0007\000.\0002\000.\0003\000\040\116\343\170\001\133\236\163\260}{section.7.2}% 69
\BOOKMARK [1][-]{section.7.3}{\376\377\0007\000.\0003\000\040\136\224\165\050\133\236\117\213\116\214}{chapter.7}% 70
\BOOKMARK [2][-]{subsection.7.3.1}{\376\377\0007\000.\0003\000.\0001\000\040\230\230\166\356\147\145\156\220}{section.7.3}% 71
\BOOKMARK [2][-]{subsection.7.3.2}{\376\377\0007\000.\0003\000.\0002\000\040\230\230\166\356\143\317\217\360}{section.7.3}% 72
\BOOKMARK [2][-]{subsection.7.3.3}{\376\377\0007\000.\0003\000.\0003\000\040\211\343\230\230\140\035\215\357}{section.7.3}% 73
\BOOKMARK [2][-]{subsection.7.3.4}{\376\377\0007\000.\0003\000.\0004\000\040\116\343\170\001\133\236\163\260}{section.7.3}% 74
\BOOKMARK [0][]{chapter.8}{\376\377\173\054\0008\172\340\000\040\176\323\213\355}{}% 75
\BOOKMARK [0][]{section*.10}{\376\377\123\302\200\003\145\207\163\056}{}% 76
